31.07.23 23:30:30 INFO: Wohnzimmer
31.07.23 23:30:30 INFO: Heizung auf 0% eingestellt
31.07.23 23:30:30 INFO: Schlafzimmer
31.07.23 23:30:30 INFO: Luefter auf 60% eingestellt
31.07.23 23:30:30 INFO: Beerenzone
31.07.23 23:30:30 INFO: Tomaten
31.07.23 23:30:30 INFO: Heizung auf 0% eingestellt
31.07.23 23:30:30 INFO: Gurken
31.07.23 23:30:30 INFO: Wasser aus der Regentonne entnommen.
31.07.23 23:30:30 INFO: Gemuesezone
31.07.23 23:30:30 INFO: Heizung auf 60% eingestellt
31.07.23 23:30:30 INFO: Wasser aus der Regentonne entnommen.
31.07.23 23:30:30 INFO: Kuerbis
31.07.23 23:30:30 INFO: Luefter auf 60% eingestellt
31.07.23 23:30:30 INFO: Wasser aus der Regentonne entnommen.
31.07.23 23:30:30 INFO: Zucchini
31.07.23 23:30:30 INFO: Heizung auf 0% eingestellt
31.07.23 23:30:30 INFO: Exotenzone
31.07.23 23:30:30 INFO: Heizung auf 0% eingestellt
31.07.23 23:30:30 INFO: Ananas
31.07.23 23:30:30 INFO: Bambus
31.07.23 23:30:30 INFO: Wasser aus der Regentonne entnommen.
31.07.23 23:30:30 INFO: Wasser aus der Regentonne entnommen.
31.07.23 23:30:30 INFO: Wasser aus der Regentonne entnommen.
31.07.23 23:30:30 INFO: Luefter auf 60% eingestellt
31.07.23 23:30:30 INFO: Heizung auf 60% eingestellt
31.07.23 23:30:30 INFO: Wasser aus der Regentonne entnommen.
31.07.23 23:30:30 INFO: Wasser aus der Regentonne entnommen.
31.07.23 23:30:30 INFO: Wasser aus der Regentonne entnommen.
31.07.23 23:30:30 INFO: Wasser aus der Regentonne entnommen.
31.07.23 23:30:30 INFO: Heizung auf 0% eingestellt
31.07.23 23:30:30 INFO: Pflanze geduengt. Noch verfuegbare Einheiten499
31.07.23 23:30:30 INFO: Wasser aus der Regentonne entnommen.
31.07.23 23:30:40 INFO: Schlafzimmer
31.07.23 23:30:40 INFO: Bambus
31.07.23 23:30:40 INFO: Beerenzone
31.07.23 23:30:40 INFO: Gemuesezone
31.07.23 23:30:40 INFO: Kuerbis
31.07.23 23:30:40 INFO: Gurken
31.07.23 23:30:40 INFO: Wohnzimmer
31.07.23 23:30:40 INFO: Tomaten
31.07.23 23:30:40 INFO: Exotenzone
31.07.23 23:30:40 INFO: Zucchini
31.07.23 23:30:40 INFO: Ananas
31.07.23 23:30:40 INFO: Heizung auf 0% eingestellt
31.07.23 23:30:40 INFO: Wasser aus der Regentonne entnommen.
31.07.23 23:30:40 INFO: Heizung auf 10% eingestellt
31.07.23 23:30:40 INFO: Heizung auf 0% eingestellt
31.07.23 23:30:40 INFO: Wasser aus der Regentonne entnommen.
31.07.23 23:30:40 INFO: Wasser aus der Regentonne entnommen.
31.07.23 23:30:40 INFO: Heizung auf 0% eingestellt
31.07.23 23:30:40 INFO: Wasser aus der Regentonne entnommen.
31.07.23 23:30:40 INFO: Heizung auf 10% eingestellt
31.07.23 23:30:40 INFO: Wasser aus der Regentonne entnommen.
31.07.23 23:30:40 INFO: Wasser aus der Regentonne entnommen.
31.07.23 23:30:40 INFO: Luefter auf 70% eingestellt
31.07.23 23:30:40 INFO: Heizung auf 0% eingestellt
31.07.23 23:30:40 INFO: Luefter auf 70% eingestellt
31.07.23 23:30:40 INFO: Luefter auf 70% eingestellt
31.07.23 23:30:40 INFO: Pflanze geduengt. Noch verfuegbare Einheiten499
31.07.23 23:30:40 INFO: Heizung auf 0% eingestellt
31.07.23 23:30:40 INFO: Wasser aus der Regentonne entnommen.
31.07.23 23:30:40 INFO: Wasser aus der Regentonne entnommen.
31.07.23 23:30:40 INFO: Wasser aus der Regentonne entnommen.
31.07.23 23:30:40 INFO: Wasser aus der Regentonne entnommen.
31.07.23 23:30:50 INFO: Ananas
31.07.23 23:30:50 INFO: Wasser aus der Regentonne entnommen.
31.07.23 23:30:50 INFO: Pflanze geduengt. Noch verfuegbare Einheiten498
31.07.23 23:30:50 INFO: Gemuesezone
31.07.23 23:30:50 INFO: Heizung auf 0% eingestellt
31.07.23 23:30:50 INFO: Luefter auf 80% eingestellt
31.07.23 23:30:50 INFO: Zucchini
31.07.23 23:30:50 INFO: Wasser aus der Regentonne entnommen.
31.07.23 23:30:50 INFO: Bambus
31.07.23 23:30:50 INFO: Wasser aus der Regentonne entnommen.
31.07.23 23:30:50 INFO: Pflanze geduengt. Noch verfuegbare Einheiten499
31.07.23 23:30:50 INFO: Tomaten
31.07.23 23:30:50 INFO: Gurken
31.07.23 23:30:50 INFO: Wasser aus der Regentonne entnommen.
31.07.23 23:30:50 INFO: Wohnzimmer
31.07.23 23:30:50 INFO: Beerenzone
31.07.23 23:30:50 INFO: Heizung auf 10% eingestellt
31.07.23 23:30:50 INFO: Heizung auf 0% eingestellt
31.07.23 23:30:50 INFO: Wasser aus der Regentonne entnommen.
31.07.23 23:30:50 INFO: Kuerbis
31.07.23 23:30:50 INFO: Heizung auf 0% eingestellt
31.07.23 23:30:50 INFO: Schlafzimmer
31.07.23 23:30:50 INFO: Exotenzone
31.07.23 23:30:50 INFO: Wasser aus der Regentonne entnommen.
31.07.23 23:30:50 INFO: Pflanze geduengt. Noch verfuegbare Einheiten499
31.07.23 23:30:50 INFO: Heizung auf 0% eingestellt
31.07.23 23:30:50 INFO: Heizung auf 0% eingestellt
31.07.23 23:30:50 INFO: Heizung auf 10% eingestellt
31.07.23 23:30:50 INFO: Pflanze geduengt. Noch verfuegbare Einheiten498
31.07.23 23:30:50 INFO: Luefter auf 80% eingestellt
31.07.23 23:30:50 INFO: Heizung auf 0% eingestellt
31.07.23 23:30:50 INFO: Wasser aus der Regentonne entnommen.
31.07.23 23:30:50 INFO: Wasser aus der Regentonne entnommen.
31.07.23 23:31:00 INFO: Exotenzone
31.07.23 23:31:00 INFO: Schlafzimmer
31.07.23 23:31:00 INFO: Wohnzimmer
31.07.23 23:31:00 INFO: Kuerbis
31.07.23 23:31:00 INFO: Beerenzone
31.07.23 23:31:00 INFO: Zucchini
31.07.23 23:31:00 INFO: Tomaten
31.07.23 23:31:00 INFO: Gurken
31.07.23 23:31:00 INFO: Bambus
31.07.23 23:31:00 INFO: Gemuesezone
31.07.23 23:31:00 INFO: Heizung auf 0% eingestellt
31.07.23 23:31:00 INFO: Heizung auf 10% eingestellt
31.07.23 23:31:00 INFO: Heizung auf 0% eingestellt
31.07.23 23:31:00 INFO: Heizung auf 0% eingestellt
31.07.23 23:31:00 INFO: Wasser aus der Regentonne entnommen.
31.07.23 23:31:00 INFO: Heizung auf 10% eingestellt
31.07.23 23:31:00 INFO: Wasser aus der Regentonne entnommen.
31.07.23 23:31:00 INFO: Pflanze geduengt. Noch verfuegbare Einheiten497
31.07.23 23:31:00 INFO: Wasser aus der Regentonne entnommen.
31.07.23 23:31:00 INFO: Wasser aus der Regentonne entnommen.
31.07.23 23:31:00 INFO: Ananas
31.07.23 23:31:00 INFO: Heizung auf 0% eingestellt
31.07.23 23:31:00 INFO: Heizung auf 0% eingestellt
31.07.23 23:31:00 INFO: Luefter auf 90% eingestellt
31.07.23 23:31:00 INFO: Heizung auf 0% eingestellt
31.07.23 23:31:00 INFO: Pflanze geduengt. Noch verfuegbare Einheiten498
31.07.23 23:31:00 INFO: Heizung auf 0% eingestellt
31.07.23 23:31:00 INFO: Pflanze geduengt. Noch verfuegbare Einheiten499
31.07.23 23:31:00 INFO: Wasser aus der Regentonne entnommen.
31.07.23 23:31:00 INFO: Wasser aus der Regentonne entnommen.
31.07.23 23:31:00 INFO: Wasser aus der Regentonne entnommen.
31.07.23 23:31:00 INFO: Wasser aus der Regentonne entnommen.
31.07.23 23:31:00 INFO: Pflanze geduengt. Noch verfuegbare Einheiten497
31.07.23 23:31:10 INFO: Beerenzone
31.07.23 23:31:10 INFO: Schlafzimmer
31.07.23 23:31:10 INFO: Gemuesezone
31.07.23 23:31:10 INFO: Ananas
31.07.23 23:31:10 INFO: Exotenzone
31.07.23 23:31:10 INFO: Zucchini
31.07.23 23:31:10 INFO: Bambus
31.07.23 23:31:10 INFO: Gurken
31.07.23 23:31:10 INFO: Kuerbis
31.07.23 23:31:10 INFO: Wohnzimmer
31.07.23 23:31:10 INFO: Tomaten
31.07.23 23:31:10 INFO: Heizung auf 10% eingestellt
31.07.23 23:31:10 INFO: Heizung auf 0% eingestellt
31.07.23 23:31:10 INFO: Heizung auf 0% eingestellt
31.07.23 23:31:10 INFO: Wasser aus der Regentonne entnommen.
31.07.23 23:31:10 INFO: Heizung auf 10% eingestellt
31.07.23 23:31:10 INFO: Wasser aus der Regentonne entnommen.
31.07.23 23:31:10 INFO: Wasser aus der Regentonne entnommen.
31.07.23 23:31:10 INFO: Wasser aus der Regentonne entnommen.
31.07.23 23:31:10 INFO: Pflanze geduengt. Noch verfuegbare Einheiten497
31.07.23 23:31:10 INFO: Heizung auf 0% eingestellt
31.07.23 23:31:10 INFO: Heizung auf 0% eingestellt
31.07.23 23:31:10 INFO: Luefter auf 100% eingestellt
31.07.23 23:31:10 INFO: Heizung auf 0% eingestellt
31.07.23 23:31:10 INFO: Pflanze geduengt. Noch verfuegbare Einheiten496
31.07.23 23:31:10 INFO: Heizung auf 0% eingestellt
31.07.23 23:31:10 INFO: Pflanze geduengt. Noch verfuegbare Einheiten498
31.07.23 23:31:10 INFO: Heizung auf 0% eingestellt
31.07.23 23:31:10 INFO: Wasser aus der Regentonne entnommen.
31.07.23 23:31:10 INFO: Wasser aus der Regentonne entnommen.
31.07.23 23:31:20 INFO: Ananas
31.07.23 23:31:20 INFO: Beerenzone
31.07.23 23:31:20 INFO: Gemuesezone
31.07.23 23:31:20 INFO: Gurken
31.07.23 23:31:20 INFO: Bambus
31.07.23 23:31:20 INFO: Tomaten
31.07.23 23:31:20 INFO: Kuerbis
31.07.23 23:31:20 INFO: Wasser aus der Regentonne entnommen.
31.07.23 23:31:20 INFO: Heizung auf 0% eingestellt
31.07.23 23:31:20 INFO: Heizung auf 0% eingestellt
31.07.23 23:31:20 INFO: Wasser aus der Regentonne entnommen.
31.07.23 23:31:20 INFO: Wasser aus der Regentonne entnommen.
31.07.23 23:31:20 INFO: Wasser aus der Regentonne entnommen.
31.07.23 23:31:20 INFO: Wasser aus der Regentonne entnommen.
31.07.23 23:31:20 INFO: Heizung auf 0% eingestellt
31.07.23 23:31:20 INFO: Heizung auf 0% eingestellt
31.07.23 23:31:20 INFO: Pflanze geduengt. Noch verfuegbare Einheiten496
31.07.23 23:31:20 INFO: Exotenzone
31.07.23 23:31:20 INFO: Heizung auf 10% eingestellt
31.07.23 23:31:20 INFO: Heizung auf 0% eingestellt
31.07.23 23:31:20 INFO: Wasser aus der Regentonne entnommen.
31.07.23 23:31:20 INFO: Zucchini
31.07.23 23:31:20 INFO: Wasser aus der Regentonne entnommen.
31.07.23 23:31:20 INFO: Wohnzimmer
31.07.23 23:31:20 INFO: Heizung auf 0% eingestellt
31.07.23 23:31:20 INFO: Heizung auf 0% eingestellt
31.07.23 23:31:20 INFO: Wasser aus der Regentonne entnommen.
31.07.23 23:31:20 INFO: Schlafzimmer
31.07.23 23:31:20 INFO: Heizung auf 0% eingestellt
31.07.23 23:31:20 INFO: Luefter auf 100% eingestellt
31.07.23 23:31:20 INFO: Wasser aus der Regentonne entnommen.
31.07.23 23:31:30 INFO: Kuerbis
31.07.23 23:31:30 INFO: Tomaten
31.07.23 23:31:30 INFO: Gurken
31.07.23 23:31:30 INFO: Wasser aus der Regentonne entnommen.
31.07.23 23:31:30 INFO: Ananas
31.07.23 23:31:30 INFO: Wasser aus der Regentonne entnommen.
31.07.23 23:31:30 INFO: Bambus
31.07.23 23:31:30 INFO: Wasser aus der Regentonne entnommen.
31.07.23 23:31:30 INFO: Gemuesezone
31.07.23 23:31:30 INFO: Heizung auf 0% eingestellt
31.07.23 23:31:30 INFO: Heizung auf 0% eingestellt
31.07.23 23:31:30 INFO: Beerenzone
31.07.23 23:31:30 INFO: Heizung auf 0% eingestellt
31.07.23 23:31:30 INFO: Heizung auf 0% eingestellt
31.07.23 23:31:30 INFO: Wohnzimmer
31.07.23 23:31:30 INFO: Heizung auf 0% eingestellt
31.07.23 23:31:30 INFO: Heizung auf 0% eingestellt
31.07.23 23:31:30 INFO: Schlafzimmer
31.07.23 23:31:30 INFO: Heizung auf 0% eingestellt
31.07.23 23:31:30 INFO: Luefter auf 100% eingestellt
31.07.23 23:31:30 INFO: Wasser aus der Regentonne entnommen.
31.07.23 23:31:30 INFO: Zucchini
31.07.23 23:31:30 INFO: Exotenzone
31.07.23 23:31:30 INFO: Heizung auf 10% eingestellt
31.07.23 23:31:30 INFO: Heizung auf 0% eingestellt
31.07.23 23:31:30 INFO: Wasser aus der Regentonne entnommen.
31.07.23 23:31:40 INFO: Gemuesezone
31.07.23 23:31:40 INFO: Beerenzone
31.07.23 23:31:40 INFO: Kuerbis
31.07.23 23:31:40 INFO: Bambus
31.07.23 23:31:40 INFO: Ananas
31.07.23 23:31:40 INFO: Gurken
31.07.23 23:31:40 INFO: Tomaten
31.07.23 23:31:40 INFO: Heizung auf 0% eingestellt
31.07.23 23:31:40 INFO: Heizung auf 0% eingestellt
31.07.23 23:31:40 INFO: Wasser aus der Regentonne entnommen.
31.07.23 23:31:40 INFO: Wasser aus der Regentonne entnommen.
31.07.23 23:31:40 INFO: Wasser aus der Regentonne entnommen.
31.07.23 23:31:40 INFO: Wasser aus der Regentonne entnommen.
31.07.23 23:31:40 INFO: Pflanze geduengt. Noch verfuegbare Einheiten496
31.07.23 23:31:40 INFO: Heizung auf 0% eingestellt
31.07.23 23:31:40 INFO: Heizung auf 0% eingestellt
31.07.23 23:31:40 INFO: Exotenzone
31.07.23 23:31:40 INFO: Schlafzimmer
31.07.23 23:31:40 INFO: Zucchini
31.07.23 23:31:40 INFO: Wohnzimmer
31.07.23 23:31:40 INFO: Heizung auf 10% eingestellt
31.07.23 23:31:40 INFO: Heizung auf 0% eingestellt
31.07.23 23:31:40 INFO: Pflanze geduengt. Noch verfuegbare Einheiten497
31.07.23 23:31:40 INFO: Heizung auf 0% eingestellt
31.07.23 23:31:40 INFO: Heizung auf 0% eingestellt
31.07.23 23:31:40 INFO: Heizung auf 0% eingestellt
31.07.23 23:31:40 INFO: Heizung auf 0% eingestellt
31.07.23 23:31:40 INFO: Wasser aus der Regentonne entnommen.
31.07.23 23:31:50 INFO: Beerenzone
31.07.23 23:31:50 INFO: Heizung auf 0% eingestellt
31.07.23 23:31:50 INFO: Heizung auf 0% eingestellt
31.07.23 23:31:50 INFO: Tomaten
31.07.23 23:31:50 INFO: Wasser aus der Regentonne entnommen.
31.07.23 23:31:50 INFO: Bambus
31.07.23 23:31:50 INFO: Gemuesezone
31.07.23 23:31:50 INFO: Heizung auf 0% eingestellt
31.07.23 23:31:50 INFO: Heizung auf 0% eingestellt
31.07.23 23:31:50 INFO: Kuerbis
31.07.23 23:31:50 INFO: Gurken
31.07.23 23:31:50 INFO: Ananas
31.07.23 23:31:50 INFO: Pflanze geduengt. Noch verfuegbare Einheiten495
31.07.23 23:31:50 INFO: Exotenzone
31.07.23 23:31:50 INFO: Heizung auf 10% eingestellt
31.07.23 23:31:50 INFO: Schlafzimmer
31.07.23 23:31:50 INFO: Zucchini
31.07.23 23:31:50 INFO: Wohnzimmer
31.07.23 23:31:50 INFO: Heizung auf 0% eingestellt
31.07.23 23:31:50 INFO: Heizung auf 0% eingestellt
31.07.23 23:31:50 INFO: Wasser aus der Regentonne entnommen.
31.07.23 23:31:50 INFO: Heizung auf 0% eingestellt
31.07.23 23:31:50 INFO: Heizung auf 0% eingestellt
31.07.23 23:31:50 INFO: Wasser aus der Regentonne entnommen.
31.07.23 23:31:50 INFO: Heizung auf 0% eingestellt
31.07.23 23:32:00 INFO: Ananas
31.07.23 23:32:00 INFO: Beerenzone
31.07.23 23:32:00 INFO: Heizung auf 0% eingestellt
31.07.23 23:32:00 INFO: Heizung auf 0% eingestellt
31.07.23 23:32:00 INFO: Bambus
31.07.23 23:32:00 INFO: Wasser aus der Regentonne entnommen.
31.07.23 23:32:00 INFO: Gurken
31.07.23 23:32:00 INFO: Tomaten
31.07.23 23:32:00 INFO: Pflanze geduengt. Noch verfuegbare Einheiten495
31.07.23 23:32:00 INFO: Kuerbis
31.07.23 23:32:00 INFO: Gemuesezone
31.07.23 23:32:00 INFO: Heizung auf 0% eingestellt
31.07.23 23:32:00 INFO: Heizung auf 0% eingestellt
31.07.23 23:32:00 INFO: Wasser aus der Regentonne entnommen.
31.07.23 23:32:00 INFO: Zucchini
31.07.23 23:32:00 INFO: Schlafzimmer
31.07.23 23:32:00 INFO: Heizung auf 0% eingestellt
31.07.23 23:32:00 INFO: Exotenzone
31.07.23 23:32:00 INFO: Heizung auf 10% eingestellt
31.07.23 23:32:00 INFO: Heizung auf 0% eingestellt
31.07.23 23:32:00 INFO: Wasser aus der Regentonne entnommen.
31.07.23 23:32:00 INFO: Heizung auf 0% eingestellt
31.07.23 23:32:00 INFO: Wohnzimmer
31.07.23 23:32:00 INFO: Heizung auf 0% eingestellt
31.07.23 23:32:00 INFO: Heizung auf 0% eingestellt
31.07.23 23:32:10 INFO: Kuerbis
31.07.23 23:32:10 INFO: Beerenzone
31.07.23 23:32:10 INFO: Heizung auf 0% eingestellt
31.07.23 23:32:10 INFO: Gemuesezone
31.07.23 23:32:10 INFO: Heizung auf 0% eingestellt
31.07.23 23:32:10 INFO: Heizung auf 0% eingestellt
31.07.23 23:32:10 INFO: Ananas
31.07.23 23:32:10 INFO: Tomaten
31.07.23 23:32:10 INFO: Heizung auf 0% eingestellt
31.07.23 23:32:10 INFO: Gurken
31.07.23 23:32:10 INFO: Bambus
31.07.23 23:32:10 INFO: Pflanze geduengt. Noch verfuegbare Einheiten499
31.07.23 23:32:10 INFO: Wasser aus der Regentonne entnommen.
31.07.23 23:32:10 INFO: Schlafzimmer
31.07.23 23:32:10 INFO: Heizung auf 0% eingestellt
31.07.23 23:32:10 INFO: Heizung auf 0% eingestellt
31.07.23 23:32:10 INFO: Zucchini
31.07.23 23:32:10 INFO: Exotenzone
31.07.23 23:32:10 INFO: Heizung auf 10% eingestellt
31.07.23 23:32:10 INFO: Heizung auf 0% eingestellt
31.07.23 23:32:10 INFO: Wasser aus der Regentonne entnommen.
31.07.23 23:32:10 INFO: Wohnzimmer
31.07.23 23:32:10 INFO: Heizung auf 0% eingestellt
31.07.23 23:32:10 INFO: Heizung auf 0% eingestellt
31.07.23 23:32:20 INFO: Beerenzone
31.07.23 23:32:20 INFO: Heizung auf 0% eingestellt
31.07.23 23:32:20 INFO: Heizung auf 0% eingestellt
31.07.23 23:32:20 INFO: Gurken
31.07.23 23:32:20 INFO: Ananas
31.07.23 23:32:20 INFO: Kuerbis
31.07.23 23:32:20 INFO: Wasser aus der Regentonne entnommen.
31.07.23 23:32:20 INFO: Pflanze geduengt. Noch verfuegbare Einheiten494
31.07.23 23:32:20 INFO: Bambus
31.07.23 23:32:20 INFO: Gemuesezone
31.07.23 23:32:20 INFO: Heizung auf 0% eingestellt
31.07.23 23:32:20 INFO: Heizung auf 0% eingestellt
31.07.23 23:32:20 INFO: Tomaten
31.07.23 23:32:20 INFO: Wohnzimmer
31.07.23 23:32:20 INFO: Heizung auf 0% eingestellt
31.07.23 23:32:20 INFO: Heizung auf 0% eingestellt
31.07.23 23:32:20 INFO: Schlafzimmer
31.07.23 23:32:20 INFO: Zucchini
31.07.23 23:32:20 INFO: Exotenzone
31.07.23 23:32:20 INFO: Heizung auf 0% eingestellt
31.07.23 23:32:20 INFO: Heizung auf 10% eingestellt
31.07.23 23:32:20 INFO: Heizung auf 0% eingestellt
31.07.23 23:32:20 INFO: Heizung auf 0% eingestellt
31.07.23 23:32:20 INFO: Wasser aus der Regentonne entnommen.
